#
# Install log generated by Winteracter installer at 11:19 on 22 Jan 2019.
#
Copied file: C:\PROGRAM FILES\STEDI_V1_2\INSTALL\STEDI_PreInstall.ex_ to: C:\Program Files\STEDI_v_1_2\STEDI.exe
Copied file: C:\PROGRAM FILES\STEDI_V1_2\INSTALL\STEDI_Licence.txt to: C:\Program Files\STEDI_v_1_2\STEDI_Licence.txt
Created directory: C:\Program Files\STEDI_v_1_2\Sample Data
Copied file: C:\PROGRAM FILES\STEDI_V1_2\INSTALL\SD1.sf_ to: C:\Program Files\STEDI_v_1_2\Sample Data\Example1_Streamflow.sf
Copied file: C:\PROGRAM FILES\STEDI_V1_2\INSTALL\SD1.cl_ to: C:\Program Files\STEDI_v_1_2\Sample Data\Example2_Climate.clm
Created directory: C:\Program Files\STEDI_v_1_2\STEDI help
Copied file: C:\PROGRAM FILES\STEDI_V1_2\INSTALL\1.pd_ to: C:\Program Files\STEDI_v_1_2\STEDI help\HELP_all.pdf
Copied file: C:\PROGRAM FILES\STEDI_V1_2\INSTALL\2.pd_ to: C:\Program Files\STEDI_v_1_2\STEDI help\HELP_AppendixA.pdf
Copied file: C:\PROGRAM FILES\STEDI_V1_2\INSTALL\3.pd_ to: C:\Program Files\STEDI_v_1_2\STEDI help\HELP_Section2.pdf
Copied file: C:\PROGRAM FILES\STEDI_V1_2\INSTALL\4.pd_ to: C:\Program Files\STEDI_v_1_2\STEDI help\HELP_Section3.pdf
Copied file: C:\PROGRAM FILES\STEDI_V1_2\INSTALL\5.pd_ to: C:\Program Files\STEDI_v_1_2\STEDI help\HELP_Section14.pdf
Copied file: C:\PROGRAM FILES\STEDI_V1_2\INSTALL\6.pd_ to: C:\Program Files\STEDI_v_1_2\STEDI help\HELP_Section41.pdf
Copied file: C:\PROGRAM FILES\STEDI_V1_2\INSTALL\7.pd_ to: C:\Program Files\STEDI_v_1_2\STEDI help\HELP_Section41_AppendixA.pdf
Copied file: C:\PROGRAM FILES\STEDI_V1_2\INSTALL\8.pd_ to: C:\Program Files\STEDI_v_1_2\STEDI help\HELP_Section43.pdf
Copied file: C:\PROGRAM FILES\STEDI_V1_2\INSTALL\9.pd_ to: C:\Program Files\STEDI_v_1_2\STEDI help\HELP_Section44.pdf
Copied file: C:\PROGRAM FILES\STEDI_V1_2\INSTALL\10.pd_ to: C:\Program Files\STEDI_v_1_2\STEDI help\HELP_Section51.pdf
Copied file: C:\PROGRAM FILES\STEDI_V1_2\INSTALL\11.pd_ to: C:\Program Files\STEDI_v_1_2\STEDI help\HELP_Section52.pdf
Copied file: C:\PROGRAM FILES\STEDI_V1_2\INSTALL\12.pd_ to: C:\Program Files\STEDI_v_1_2\STEDI help\HELP_Section53.pdf
Copied file: C:\PROGRAM FILES\STEDI_V1_2\INSTALL\13.pd_ to: C:\Program Files\STEDI_v_1_2\STEDI help\HELP_Section54.pdf
Copied file: C:\PROGRAM FILES\STEDI_V1_2\INSTALL\14.pd_ to: C:\Program Files\STEDI_v_1_2\STEDI help\HELP_Section55.pdf
Copied file: C:\PROGRAM FILES\STEDI_V1_2\INSTALL\15.pd_ to: C:\Program Files\STEDI_v_1_2\STEDI help\HELP_Section61.pdf
Copied file: C:\PROGRAM FILES\STEDI_V1_2\INSTALL\16.pd_ to: C:\Program Files\STEDI_v_1_2\STEDI help\HELP_Section62.pdf
Copied file: C:\PROGRAM FILES\STEDI_V1_2\INSTALL\17.pd_ to: C:\Program Files\STEDI_v_1_2\STEDI help\HELP_Section63.pdf
Copied file: C:\PROGRAM FILES\STEDI_V1_2\INSTALL\18.pd_ to: C:\Program Files\STEDI_v_1_2\STEDI help\HELP_Section64.pdf
Copied file: C:\PROGRAM FILES\STEDI_V1_2\INSTALL\19.pd_ to: C:\Program Files\STEDI_v_1_2\STEDI help\HELP_Section71_AppendixA.pdf
Copied file: C:\PROGRAM FILES\STEDI_V1_2\INSTALL\20.pd_ to: C:\Program Files\STEDI_v_1_2\STEDI help\HELP_Section72_AppendixA.pdf
Copied file: C:\PROGRAM FILES\STEDI_V1_2\INSTALL\21.pd_ to: C:\Program Files\STEDI_v_1_2\STEDI help\HELP_STEDI_tutorial.pdf
#
# Install program finished. 0 copy error(s)
#
